<testsuites id="" name="" tests="147" failures="74" skipped="0" errors="0" time="259.767444">
<testsuite name="performance-accessibility.spec.ts" timestamp="2025-10-14T03:44:53.138Z" hostname="chromium" tests="21" failures="11" skipped="0" time="209.078" errors="0">
<testcase name="Performance and Accessibility › Core Web Vitals › should meet Core Web Vitals thresholds on homepage" classname="performance-accessibility.spec.ts" time="15.935">
</testcase>
<testcase name="Performance and Accessibility › Core Web Vitals › should have fast page load times" classname="performance-accessibility.spec.ts" time="10.834">
<failure message="performance-accessibility.spec.ts:63:9 should have fast page load times" type="FAILURE">
<![CDATA[  [chromium] › performance-accessibility.spec.ts:63:9 › Performance and Accessibility › Core Web Vitals › should have fast page load times 

    Error: expect(locator).toBeVisible() failed

    Locator: getByRole('heading')
    Expected: visible
    Error: strict mode violation: getByRole('heading') resolved to 8 elements:
        1) <h2 class="font-serif tracking-tight text-5xl font-bold dark:text-gray-100 mb-6 text-white">Premium Vietnamese Coffee Products</h2> aka getByRole('heading', { name: 'Premium Vietnamese Coffee' })
        2) <h3 class="text-2xl font-semibold leading-none tracking-tight flex items-center text-forest-800">…</h3> aka getByRole('heading', { name: 'Product Filters' })
        3) <h2 class="text-lg font-semibold text-forest-800">0 Products Found</h2> aka getByRole('heading', { name: 'Products Found' })
        4) <h3 class="mb-2 text-lg font-semibold">Error Loading Products</h3> aka getByRole('heading', { name: 'Error Loading Products' })
        5) <h2 class="font-serif tracking-tight text-4xl font-bold dark:text-gray-100 mb-4 text-white">Can't Find What You're Looking For?</h2> aka getByRole('heading', { name: 'Can\'t Find What You\'re' })
        6) <h3 class="text-lg font-semibold text-green-400">Products</h3> aka getByRole('heading', { name: 'Products', exact: true })
        7) <h3 class="text-lg font-semibold text-green-400">Services</h3> aka getByRole('heading', { name: 'Services' })
        8) <h3 class="text-lg font-semibold text-green-400">Company</h3> aka getByRole('heading', { name: 'Company' })

    Call log:
      - Expect "toBeVisible" with timeout 5000ms
      - waiting for getByRole('heading')


      67 |
      68 |       // Wait for main content to be visible
    > 69 |       await expect(page.getByRole('heading')).toBeVisible();
         |                                               ^
      70 |
      71 |       const loadTime = Date.now() - startTime;
      72 |
        at D:\great-beans-coffee\tests\e2e\performance-accessibility.spec.ts:69:47

    attachment #1: screenshot (image/png) ──────────────────────────────────────────────────────────
    ..\..\test-results\performance-accessibility--1861a-d-have-fast-page-load-times-chromium\test-failed-1.png
    ────────────────────────────────────────────────────────────────────────────────────────────────

    attachment #2: video (video/webm) ──────────────────────────────────────────────────────────────
    ..\..\test-results\performance-accessibility--1861a-d-have-fast-page-load-times-chromium\video.webm
    ────────────────────────────────────────────────────────────────────────────────────────────────

    Error Context: ..\..\test-results\performance-accessibility--1861a-d-have-fast-page-load-times-chromium\error-context.md
]]>
</failure>
<system-out>
<![CDATA[
[[ATTACHMENT|performance-accessibility--1861a-d-have-fast-page-load-times-chromium\test-failed-1.png]]

[[ATTACHMENT|performance-accessibility--1861a-d-have-fast-page-load-times-chromium\video.webm]]

[[ATTACHMENT|performance-accessibility--1861a-d-have-fast-page-load-times-chromium\error-context.md]]
]]>
</system-out>
</testcase>
<testcase name="Performance and Accessibility › Core Web Vitals › should handle large product catalogs efficiently" classname="performance-accessibility.spec.ts" time="11.651">
</testcase>
<testcase name="Performance and Accessibility › Core Web Vitals › should optimize image loading" classname="performance-accessibility.spec.ts" time="10.8">
</testcase>
<testcase name="Performance and Accessibility › Accessibility Compliance › should pass WCAG 2.1 AA compliance on homepage" classname="performance-accessibility.spec.ts" time="12.808">
<failure message="performance-accessibility.spec.ts:128:9 should pass WCAG 2.1 AA compliance on homepage" type="FAILURE">
<![CDATA[  [chromium] › performance-accessibility.spec.ts:128:9 › Performance and Accessibility › Accessibility Compliance › should pass WCAG 2.1 AA compliance on homepage 

    AssertionError: 4 accessibility violations were detected

    4 !== 0

        at testResultDependsOnViolations (D:\great-beans-coffee\node_modules\axe-playwright\dist\utils.js:16:26)
        at D:\great-beans-coffee\node_modules\axe-playwright\dist\index.js:143:51
        at fulfilled (D:\great-beans-coffee\node_modules\axe-playwright\dist\index.js:28:58)

    attachment #1: screenshot (image/png) ──────────────────────────────────────────────────────────
    ..\..\test-results\performance-accessibility--f7aa7-1-AA-compliance-on-homepage-chromium\test-failed-1.png
    ────────────────────────────────────────────────────────────────────────────────────────────────

    attachment #2: video (video/webm) ──────────────────────────────────────────────────────────────
    ..\..\test-results\performance-accessibility--f7aa7-1-AA-compliance-on-homepage-chromium\video.webm
    ────────────────────────────────────────────────────────────────────────────────────────────────

    Error Context: ..\..\test-results\performance-accessibility--f7aa7-1-AA-compliance-on-homepage-chromium\error-context.md
]]>
</failure>
<system-out>
<![CDATA[┌─────────┬──────────────────────────────┬────────────┬─────────────────────────────────────────────────────┬───────┐
│ (index) │ id                           │ impact     │ description                                         │ nodes │
├─────────┼──────────────────────────────┼────────────┼─────────────────────────────────────────────────────┼───────┤
│ 0       │ [32m'button-name'[39m                │ [32m'critical'[39m │ [32m'Ensure buttons have discernible text'[39m              │ [33m9[39m     │
│ 1       │ [32m'landmark-main-is-top-level'[39m │ [32m'moderate'[39m │ [32m'Ensure the main landmark is at top level'[39m          │ [33m1[39m     │
│ 2       │ [32m'landmark-no-duplicate-main'[39m │ [32m'moderate'[39m │ [32m'Ensure the document has at most one main landmark'[39m │ [33m1[39m     │
│ 3       │ [32m'landmark-unique'[39m            │ [32m'moderate'[39m │ [32m'Ensure landmarks are unique'[39m                       │ [33m1[39m     │
└─────────┴──────────────────────────────┴────────────┴─────────────────────────────────────────────────────┴───────┘
┌─────────┬───────────────────────────────────────────────────────────────────────────────────────────────────────────────────────────────────────────────────────────────────────────────────────────────────────┬────────────────────────────────────────────────────────────────────────────────────────────────────────────────┬────────────┐
│ (index) │ target                                                                                                                                                                                                │ html                                                                                                           │ violations │
├─────────┼───────────────────────────────────────────────────────────────────────────────────────────────────────────────────────────────────────────────────────────────────────────────────────────────────────┼────────────────────────────────────────────────────────────────────────────────────────────────────────────────┼────────────┤
│ 0       │ [32m'[".shadow-gold-strong > .space-y-6.px-6 > .pt-4.gap-3.flex > .py-1\\\\.5.gap-1\\\\.5.hover\\\\:border-gold-400"]'[39m                                                                                    │ [32m'<button class="relative inline-flex..." tabindex="0" style="transform:none">'[39m                                 │ [32m'[0]'[39m      │
│ 1       │ [32m'["div:nth-child(2) > div > .hover\\\\:bg-forest-700\\\\/60.border-forest-600\\\\/30.bg-forest-800\\\\/50 > .space-y-6.px-6 > .pt-4.gap-3.flex > .py-1\\\\.5.gap-1\\\\.5.hover\\\\:border-gold-400"]'[39m │ [32m'<button class="relative inline-flex..." tabindex="0" style="transform:none">'[39m                                 │ [32m'[0]'[39m      │
│ 2       │ [32m'["div:nth-child(3) > div > .hover\\\\:bg-forest-700\\\\/60.border-forest-600\\\\/30.bg-forest-800\\\\/50 > .space-y-6.px-6 > .pt-4.gap-3.flex > .py-1\\\\.5.gap-1\\\\.5.hover\\\\:border-gold-400"]'[39m │ [32m'<button class="relative inline-flex..." tabindex="0" style="transform:none">'[39m                                 │ [32m'[0]'[39m      │
│ 3       │ [32m'[".scale-125"]'[39m                                                                                                                                                                                      │ [32m'<button class="h-3 w-3 rounded-full transition-all duration-300 scale-125 bg-forest-500"></button>'[39m           │ [32m'[0]'[39m      │
│ 4       │ [32m'["div:nth-child(2) > .hover\\\\:bg-forest-300.bg-forest-200.h-3"]'[39m                                                                                                                                   │ [32m'<button class="h-3 w-3 rounded-full transition-all duration-300 bg-forest-200 hover:bg-forest-300"></button>'[39m │ [32m'[0]'[39m      │
│ 5       │ [32m'["div:nth-child(3) > .hover\\\\:bg-forest-300.bg-forest-200.h-3"]'[39m                                                                                                                                   │ [32m'<button class="h-3 w-3 rounded-full transition-all duration-300 bg-forest-200 hover:bg-forest-300"></button>'[39m │ [32m'[0]'[39m      │
│ 6       │ [32m'["div:nth-child(4) > .hover\\\\:bg-forest-300.bg-forest-200.h-3"]'[39m                                                                                                                                   │ [32m'<button class="h-3 w-3 rounded-full transition-all duration-300 bg-forest-200 hover:bg-forest-300"></button>'[39m │ [32m'[0]'[39m      │
│ 7       │ [32m'["div:nth-child(5) > .hover\\\\:bg-forest-300.bg-forest-200.h-3"]'[39m                                                                                                                                   │ [32m'<button class="h-3 w-3 rounded-full transition-all duration-300 bg-forest-200 hover:bg-forest-300"></button>'[39m │ [32m'[0]'[39m      │
│ 8       │ [32m'["div:nth-child(6) > .hover\\\\:bg-forest-300.bg-forest-200.h-3"]'[39m                                                                                                                                   │ [32m'<button class="h-3 w-3 rounded-full transition-all duration-300 bg-forest-200 hover:bg-forest-300"></button>'[39m │ [32m'[0]'[39m      │
│ 9       │ [32m'["#main > main"]'[39m                                                                                                                                                                                    │ [32m'<main class="min-h-screen">'[39m                                                                                  │ [32m'[1]'[39m      │
│ 10      │ [32m'["#main"]'[39m                                                                                                                                                                                           │ [32m'<main id="main" class="flex-1" role="main" tabindex="-1">'[39m                                                    │ [32m'[2,3]'[39m    │
└─────────┴───────────────────────────────────────────────────────────────────────────────────────────────────────────────────────────────────────────────────────────────────────────────────────────────────────┴────────────────────────────────────────────────────────────────────────────────────────────────────────────────┴────────────┘

[[ATTACHMENT|performance-accessibility--f7aa7-1-AA-compliance-on-homepage-chromium\test-failed-1.png]]

[[ATTACHMENT|performance-accessibility--f7aa7-1-AA-compliance-on-homepage-chromium\video.webm]]

[[ATTACHMENT|performance-accessibility--f7aa7-1-AA-compliance-on-homepage-chromium\error-context.md]]
]]>
</system-out>
</testcase>
<testcase name="Performance and Accessibility › Accessibility Compliance › should pass accessibility on product catalog" classname="performance-accessibility.spec.ts" time="21.128">
<failure message="performance-accessibility.spec.ts:139:9 should pass accessibility on product catalog" type="FAILURE">
<![CDATA[  [chromium] › performance-accessibility.spec.ts:139:9 › Performance and Accessibility › Accessibility Compliance › should pass accessibility on product catalog 

    TimeoutError: page.waitForSelector: Timeout 10000ms exceeded.
    Call log:
      - waiting for locator('[data-testid="product-card"]') to be visible


      139 |     test('should pass accessibility on product catalog', async ({ page }) => {
      140 |       await page.goto('/products');
    > 141 |       await page.waitForSelector('[data-testid="product-card"]');
          |                  ^
      142 |       await injectAxe(page);
      143 |
      144 |       await checkA11y(page, undefined, {
        at D:\great-beans-coffee\tests\e2e\performance-accessibility.spec.ts:141:18

    attachment #1: screenshot (image/png) ──────────────────────────────────────────────────────────
    ..\..\test-results\performance-accessibility--3e2a2-sibility-on-product-catalog-chromium\test-failed-1.png
    ────────────────────────────────────────────────────────────────────────────────────────────────

    attachment #2: video (video/webm) ──────────────────────────────────────────────────────────────
    ..\..\test-results\performance-accessibility--3e2a2-sibility-on-product-catalog-chromium\video.webm
    ────────────────────────────────────────────────────────────────────────────────────────────────

    Error Context: ..\..\test-results\performance-accessibility--3e2a2-sibility-on-product-catalog-chromium\error-context.md
]]>
</failure>
<system-out>
<![CDATA[
[[ATTACHMENT|performance-accessibility--3e2a2-sibility-on-product-catalog-chromium\test-failed-1.png]]

[[ATTACHMENT|performance-accessibility--3e2a2-sibility-on-product-catalog-chromium\video.webm]]

[[ATTACHMENT|performance-accessibility--3e2a2-sibility-on-product-catalog-chromium\error-context.md]]
]]>
</system-out>
</testcase>
<testcase name="Performance and Accessibility › Accessibility Compliance › should pass accessibility on RFQ form" classname="performance-accessibility.spec.ts" time="9.324">
<failure message="performance-accessibility.spec.ts:150:9 should pass accessibility on RFQ form" type="FAILURE">
<![CDATA[  [chromium] › performance-accessibility.spec.ts:150:9 › Performance and Accessibility › Accessibility Compliance › should pass accessibility on RFQ form 

    AssertionError: 4 accessibility violations were detected

    4 !== 0

        at testResultDependsOnViolations (D:\great-beans-coffee\node_modules\axe-playwright\dist\utils.js:16:26)
        at D:\great-beans-coffee\node_modules\axe-playwright\dist\index.js:143:51
        at fulfilled (D:\great-beans-coffee\node_modules\axe-playwright\dist\index.js:28:58)

    attachment #1: screenshot (image/png) ──────────────────────────────────────────────────────────
    ..\..\test-results\performance-accessibility--c1413-s-accessibility-on-RFQ-form-chromium\test-failed-1.png
    ────────────────────────────────────────────────────────────────────────────────────────────────

    attachment #2: video (video/webm) ──────────────────────────────────────────────────────────────
    ..\..\test-results\performance-accessibility--c1413-s-accessibility-on-RFQ-form-chromium\video.webm
    ────────────────────────────────────────────────────────────────────────────────────────────────

    Error Context: ..\..\test-results\performance-accessibility--c1413-s-accessibility-on-RFQ-form-chromium\error-context.md
]]>
</failure>
<system-out>
<![CDATA[┌─────────┬─────────────────────────┬────────────┬──────────────────────────────────────────────────────────────────────────────────────────────────────────────────┬───────┐
│ (index) │ id                      │ impact     │ description                                                                                                      │ nodes │
├─────────┼─────────────────────────┼────────────┼──────────────────────────────────────────────────────────────────────────────────────────────────────────────────┼───────┤
│ 0       │ [32m'aria-progressbar-name'[39m │ [32m'serious'[39m  │ [32m'Ensure every ARIA progressbar node has an accessible name'[39m                                                      │ [33m1[39m     │
│ 1       │ [32m'button-name'[39m           │ [32m'critical'[39m │ [32m'Ensure buttons have discernible text'[39m                                                                           │ [33m4[39m     │
│ 2       │ [32m'color-contrast'[39m        │ [32m'serious'[39m  │ [32m'Ensure the contrast between foreground and background colors meets WCAG 2 AA minimum contrast ratio thresholds'[39m │ [33m5[39m     │
│ 3       │ [32m'heading-order'[39m         │ [32m'moderate'[39m │ [32m'Ensure the order of headings is semantically correct'[39m                                                           │ [33m1[39m     │
└─────────┴─────────────────────────┴────────────┴──────────────────────────────────────────────────────────────────────────────────────────────────────────────────┴───────┘
┌─────────┬─────────────────────────────────────────────────────────────┬──────────────────────────────────────────────────────────────────────────────────────────────────────────────────────────────────────────────────────────────────────────────────────────────────────────────┬────────────┐
│ (index) │ target                                                      │ html                                                                                                                                                                                                         │ violations │
├─────────┼─────────────────────────────────────────────────────────────┼──────────────────────────────────────────────────────────────────────────────────────────────────────────────────────────────────────────────────────────────────────────────────────────────────────────────┼────────────┤
│ 0       │ [32m'[".overflow-hidden"]'[39m                                      │ [32m'<div aria-valuemax="100" aria-valuemin="0" role="progressbar" data-state="indeterminate" data-max="100" class="relative w-full overflow-hidden rounded-full bg-secondary h-2">'[39m                             │ [32m'[0]'[39m      │
│ 1       │ [32m'["button[aria-controls=\\"radix-:Ri9mvfelt7:\\"]"]'[39m        │ [32m'<button type="button" role="combobox" aria-controls="radix-:Ri9mvfelt7:" aria-expanded="false" aria-autocomplete="none" dir="ltr" data-state="closed" data-placeholder="" class="flex h-10 w-full ite...">'[39m │ [32m'[1]'[39m      │
│ 2       │ [32m'["button[aria-controls=\\"radix-:Rk9mvfelt7:\\"]"]'[39m        │ [32m'<button type="button" role="combobox" aria-controls="radix-:Rk9mvfelt7:" aria-expanded="false" aria-autocomplete="none" dir="ltr" data-state="closed" data-placeholder="" class="flex h-10 w-full ite...">'[39m │ [32m'[1]'[39m      │
│ 3       │ [32m'["button[aria-controls=\\"radix-:Rihmvfelt7:\\"]"]'[39m        │ [32m'<button type="button" role="combobox" aria-controls="radix-:Rihmvfelt7:" aria-expanded="false" aria-autocomplete="none" dir="ltr" data-state="closed" data-placeholder="" class="flex h-10 w-full ite...">'[39m │ [32m'[1]'[39m      │
│ 4       │ [32m'["button[aria-controls=\\"radix-:Rkhmvfelt7:\\"]"]'[39m        │ [32m'<button type="button" role="combobox" aria-controls="radix-:Rkhmvfelt7:" aria-expanded="false" aria-autocomplete="none" dir="ltr" data-state="closed" data-placeholder="" class="flex h-10 w-full ite...">'[39m │ [32m'[1]'[39m      │
│ 5       │ [32m'[".text-emerald-600"]'[39m                                     │ [32m'<span class="text-sm font-medium text-emerald-600">Product Requirements</span>'[39m                                                                                                                             │ [32m'[2]'[39m      │
│ 6       │ [32m'["button[aria-controls=\\"radix-:Ri9mvfelt7:\\"] > span"]'[39m │ [32m'<span style="pointer-events:none">Select coffee type</span>'[39m                                                                                                                                                │ [32m'[2]'[39m      │
│ 7       │ [32m'["button[aria-controls=\\"radix-:Rk9mvfelt7:\\"] > span"]'[39m │ [32m'<span style="pointer-events:none">Select grade</span>'[39m                                                                                                                                                      │ [32m'[2]'[39m      │
│ 8       │ [32m'["button[aria-controls=\\"radix-:Rihmvfelt7:\\"] > span"]'[39m │ [32m'<span style="pointer-events:none">Select processing method</span>'[39m                                                                                                                                          │ [32m'[2]'[39m      │
│ 9       │ [32m'["button[aria-controls=\\"radix-:Rkhmvfelt7:\\"] > span"]'[39m │ [32m'<span style="pointer-events:none">Select origin</span>'[39m                                                                                                                                                     │ [32m'[2]'[39m      │
│ 10      │ [32m'[".text-2xl"]'[39m                                             │ [32m'<h3 class="text-2xl font-semibold leading-none tracking-tight flex items-center text-forest-800">'[39m                                                                                                          │ [32m'[3]'[39m      │
└─────────┴─────────────────────────────────────────────────────────────┴──────────────────────────────────────────────────────────────────────────────────────────────────────────────────────────────────────────────────────────────────────────────────────────────────────────────┴────────────┘

[[ATTACHMENT|performance-accessibility--c1413-s-accessibility-on-RFQ-form-chromium\test-failed-1.png]]

[[ATTACHMENT|performance-accessibility--c1413-s-accessibility-on-RFQ-form-chromium\video.webm]]

[[ATTACHMENT|performance-accessibility--c1413-s-accessibility-on-RFQ-form-chromium\error-context.md]]
]]>
</system-out>
</testcase>
<testcase name="Performance and Accessibility › Accessibility Compliance › should have proper heading hierarchy" classname="performance-accessibility.spec.ts" time="6.59">
</testcase>
<testcase name="Performance and Accessibility › Accessibility Compliance › should have proper ARIA labels and roles" classname="performance-accessibility.spec.ts" time="12.288">
</testcase>
<testcase name="Performance and Accessibility › Accessibility Compliance › should support keyboard navigation" classname="performance-accessibility.spec.ts" time="5.536">
</testcase>
<testcase name="Performance and Accessibility › Accessibility Compliance › should have sufficient color contrast" classname="performance-accessibility.spec.ts" time="5.403">
<failure message="performance-accessibility.spec.ts:263:9 should have sufficient color contrast" type="FAILURE">
<![CDATA[  [chromium] › performance-accessibility.spec.ts:263:9 › Performance and Accessibility › Accessibility Compliance › should have sufficient color contrast 

    AssertionError: 4 accessibility violations were detected

    4 !== 0

        at testResultDependsOnViolations (D:\great-beans-coffee\node_modules\axe-playwright\dist\utils.js:16:26)
        at D:\great-beans-coffee\node_modules\axe-playwright\dist\index.js:143:51
        at fulfilled (D:\great-beans-coffee\node_modules\axe-playwright\dist\index.js:28:58)

    attachment #1: screenshot (image/png) ──────────────────────────────────────────────────────────
    ..\..\test-results\performance-accessibility--2f5a2-e-sufficient-color-contrast-chromium\test-failed-1.png
    ────────────────────────────────────────────────────────────────────────────────────────────────

    attachment #2: video (video/webm) ──────────────────────────────────────────────────────────────
    ..\..\test-results\performance-accessibility--2f5a2-e-sufficient-color-contrast-chromium\video.webm
    ────────────────────────────────────────────────────────────────────────────────────────────────

    Error Context: ..\..\test-results\performance-accessibility--2f5a2-e-sufficient-color-contrast-chromium\error-context.md
]]>
</failure>
<system-out>
<![CDATA[┌─────────┬──────────────────────────────┬────────────┬─────────────────────────────────────────────────────┬───────┐
│ (index) │ id                           │ impact     │ description                                         │ nodes │
├─────────┼──────────────────────────────┼────────────┼─────────────────────────────────────────────────────┼───────┤
│ 0       │ [32m'button-name'[39m                │ [32m'critical'[39m │ [32m'Ensure buttons have discernible text'[39m              │ [33m9[39m     │
│ 1       │ [32m'landmark-main-is-top-level'[39m │ [32m'moderate'[39m │ [32m'Ensure the main landmark is at top level'[39m          │ [33m1[39m     │
│ 2       │ [32m'landmark-no-duplicate-main'[39m │ [32m'moderate'[39m │ [32m'Ensure the document has at most one main landmark'[39m │ [33m1[39m     │
│ 3       │ [32m'landmark-unique'[39m            │ [32m'moderate'[39m │ [32m'Ensure landmarks are unique'[39m                       │ [33m1[39m     │
└─────────┴──────────────────────────────┴────────────┴─────────────────────────────────────────────────────┴───────┘
┌─────────┬───────────────────────────────────────────────────────────────────────────────────────────────────────────────────────────────────────────────────────────────────────────────────────────────────────┬────────────────────────────────────────────────────────────────────────────────────────────────────────────────┬────────────┐
│ (index) │ target                                                                                                                                                                                                │ html                                                                                                           │ violations │
├─────────┼───────────────────────────────────────────────────────────────────────────────────────────────────────────────────────────────────────────────────────────────────────────────────────────────────────┼────────────────────────────────────────────────────────────────────────────────────────────────────────────────┼────────────┤
│ 0       │ [32m'[".shadow-gold-strong > .space-y-6.px-6 > .pt-4.gap-3.flex > .py-1\\\\.5.gap-1\\\\.5.hover\\\\:border-gold-400"]'[39m                                                                                    │ [32m'<button class="relative inline-flex..." tabindex="0" style="transform:none">'[39m                                 │ [32m'[0]'[39m      │
│ 1       │ [32m'["div:nth-child(2) > div > .hover\\\\:bg-forest-700\\\\/60.border-forest-600\\\\/30.bg-forest-800\\\\/50 > .space-y-6.px-6 > .pt-4.gap-3.flex > .py-1\\\\.5.gap-1\\\\.5.hover\\\\:border-gold-400"]'[39m │ [32m'<button class="relative inline-flex..." tabindex="0" style="transform:none">'[39m                                 │ [32m'[0]'[39m      │
│ 2       │ [32m'["div:nth-child(3) > div > .hover\\\\:bg-forest-700\\\\/60.border-forest-600\\\\/30.bg-forest-800\\\\/50 > .space-y-6.px-6 > .pt-4.gap-3.flex > .py-1\\\\.5.gap-1\\\\.5.hover\\\\:border-gold-400"]'[39m │ [32m'<button class="relative inline-flex..." tabindex="0" style="transform:none">'[39m                                 │ [32m'[0]'[39m      │
│ 3       │ [32m'[".scale-125"]'[39m                                                                                                                                                                                      │ [32m'<button class="h-3 w-3 rounded-full transition-all duration-300 scale-125 bg-forest-500"></button>'[39m           │ [32m'[0]'[39m      │
│ 4       │ [32m'["div:nth-child(2) > .hover\\\\:bg-forest-300.bg-forest-200.h-3"]'[39m                                                                                                                                   │ [32m'<button class="h-3 w-3 rounded-full transition-all duration-300 bg-forest-200 hover:bg-forest-300"></button>'[39m │ [32m'[0]'[39m      │
│ 5       │ [32m'["div:nth-child(3) > .hover\\\\:bg-forest-300.bg-forest-200.h-3"]'[39m                                                                                                                                   │ [32m'<button class="h-3 w-3 rounded-full transition-all duration-300 bg-forest-200 hover:bg-forest-300"></button>'[39m │ [32m'[0]'[39m      │
│ 6       │ [32m'["div:nth-child(4) > .hover\\\\:bg-forest-300.bg-forest-200.h-3"]'[39m                                                                                                                                   │ [32m'<button class="h-3 w-3 rounded-full transition-all duration-300 bg-forest-200 hover:bg-forest-300"></button>'[39m │ [32m'[0]'[39m      │
│ 7       │ [32m'["div:nth-child(5) > .hover\\\\:bg-forest-300.bg-forest-200.h-3"]'[39m                                                                                                                                   │ [32m'<button class="h-3 w-3 rounded-full transition-all duration-300 bg-forest-200 hover:bg-forest-300"></button>'[39m │ [32m'[0]'[39m      │
│ 8       │ [32m'["div:nth-child(6) > .hover\\\\:bg-forest-300.bg-forest-200.h-3"]'[39m                                                                                                                                   │ [32m'<button class="h-3 w-3 rounded-full transition-all duration-300 bg-forest-200 hover:bg-forest-300"></button>'[39m │ [32m'[0]'[39m      │
│ 9       │ [32m'["#main > main"]'[39m                                                                                                                                                                                    │ [32m'<main class="min-h-screen">'[39m                                                                                  │ [32m'[1]'[39m      │
│ 10      │ [32m'["#main"]'[39m                                                                                                                                                                                           │ [32m'<main id="main" class="flex-1" role="main" tabindex="-1">'[39m                                                    │ [32m'[2,3]'[39m    │
└─────────┴───────────────────────────────────────────────────────────────────────────────────────────────────────────────────────────────────────────────────────────────────────────────────────────────────────┴────────────────────────────────────────────────────────────────────────────────────────────────────────────────┴────────────┘

[[ATTACHMENT|performance-accessibility--2f5a2-e-sufficient-color-contrast-chromium\test-failed-1.png]]

[[ATTACHMENT|performance-accessibility--2f5a2-e-sufficient-color-contrast-chromium\video.webm]]

[[ATTACHMENT|performance-accessibility--2f5a2-e-sufficient-color-contrast-chromium\error-context.md]]
]]>
</system-out>
</testcase>
<testcase name="Performance and Accessibility › Accessibility Compliance › should provide alternative text for images" classname="performance-accessibility.spec.ts" time="9.006">
</testcase>
<testcase name="Performance and Accessibility › Accessibility Compliance › should support screen readers" classname="performance-accessibility.spec.ts" time="9.425">
<failure message="performance-accessibility.spec.ts:291:9 should support screen readers" type="FAILURE">
<![CDATA[  [chromium] › performance-accessibility.spec.ts:291:9 › Performance and Accessibility › Accessibility Compliance › should support screen readers 

    Error: expect(locator).toBeVisible() failed

    Locator: getByRole('main')
    Expected: visible
    Error: strict mode violation: getByRole('main') resolved to 2 elements:
        1) <main id="main" role="main" tabindex="-1" class="flex-1">…</main> aka locator('#main')
        2) <main class="min-h-screen">…</main> aka locator('#main').getByRole('main')

    Call log:
      - Expect "toBeVisible" with timeout 5000ms
      - waiting for getByRole('main')


      293 |
      294 |       // Check for screen reader landmarks
    > 295 |       await expect(page.getByRole('main')).toBeVisible();
          |                                            ^
      296 |       await expect(page.getByRole('navigation')).toBeVisible();
      297 |
      298 |       // Check for skip links
        at D:\great-beans-coffee\tests\e2e\performance-accessibility.spec.ts:295:44

    attachment #1: screenshot (image/png) ──────────────────────────────────────────────────────────
    ..\..\test-results\performance-accessibility--dea07-ould-support-screen-readers-chromium\test-failed-1.png
    ────────────────────────────────────────────────────────────────────────────────────────────────

    attachment #2: video (video/webm) ──────────────────────────────────────────────────────────────
    ..\..\test-results\performance-accessibility--dea07-ould-support-screen-readers-chromium\video.webm
    ────────────────────────────────────────────────────────────────────────────────────────────────

    Error Context: ..\..\test-results\performance-accessibility--dea07-ould-support-screen-readers-chromium\error-context.md
]]>
</failure>
<system-out>
<![CDATA[
[[ATTACHMENT|performance-accessibility--dea07-ould-support-screen-readers-chromium\test-failed-1.png]]

[[ATTACHMENT|performance-accessibility--dea07-ould-support-screen-readers-chromium\video.webm]]

[[ATTACHMENT|performance-accessibility--dea07-ould-support-screen-readers-chromium\error-context.md]]
]]>
</system-out>
</testcase>
<testcase name="Performance and Accessibility › Mobile Performance › should perform well on mobile devices" classname="performance-accessibility.spec.ts" time="6.513">
<failure message="performance-accessibility.spec.ts:309:9 should perform well on mobile devices" type="FAILURE">
<![CDATA[  [chromium] › performance-accessibility.spec.ts:309:9 › Performance and Accessibility › Mobile Performance › should perform well on mobile devices 

    Error: expect(locator).toBeVisible() failed

    Locator: getByRole('heading')
    Expected: visible
    Error: strict mode violation: getByRole('heading') resolved to 41 elements:
        1) <h1 class="mb-6 text-4xl font-bold leading-tight md:text-5xl lg:text-6xl xl:text-7xl">…</h1> aka getByTestId('hero-section').getByRole('heading', { name: 'Premium Vietnamese Coffee' })
        2) <h2 class="mb-6 text-4xl font-bold leading-tight text-coffee-900 transition-all duration-300 hover:text-coffee-800 md:text-5xl">…</h2> aka getByRole('heading', { name: 'Your Trusted Partner for' })
        3) <h3 class="text-center text-xl font-bold text-forest-800 transition-colors duration-300 group-hover:text-forest-900">Quality Certifications</h3> aka getByRole('heading', { name: 'Quality Certifications' })
        4) <h3 class="text-center text-xl font-bold text-forest-800 transition-colors duration-300 group-hover:text-forest-900">Global Trade Excellence</h3> aka getByRole('heading', { name: 'Global Trade Excellence' })
        5) <h3 class="text-center text-xl font-bold text-forest-800 transition-colors duration-300 group-hover:text-forest-900">Premium Sourcing</h3> aka getByRole('heading', { name: 'Premium Sourcing' })
        6) <h3 class="text-center text-xl font-bold text-forest-800 transition-colors duration-300 group-hover:text-forest-900">Industry Leadership</h3> aka getByRole('heading', { name: 'Industry Leadership' })
        7) <h3 class="mb-6 text-3xl font-bold text-coffee-900">Certified Excellence in Coffee Export</h3> aka getByRole('heading', { name: 'Certified Excellence in' })
        8) <h4 class="mb-1 text-sm font-bold text-coffee-800">ISO 22000</h4> aka getByRole('heading', { name: 'ISO' })
        9) <h4 class="mb-1 text-sm font-bold text-coffee-800">HACCP</h4> aka getByRole('heading', { name: 'HACCP' })
        10) <h4 class="mb-1 text-sm font-bold text-coffee-800">Rainforest Alliance</h4> aka getByRole('heading', { name: 'Rainforest Alliance' })
        ...

    Call log:
      - Expect "toBeVisible" with timeout 5000ms
      - waiting for getByRole('heading')


      325 |
      326 |       // Wait for main content
    > 327 |       await expect(page.getByRole('heading')).toBeVisible();
          |                                               ^
      328 |
      329 |       const loadTime = Date.now() - startTime;
      330 |
        at D:\great-beans-coffee\tests\e2e\performance-accessibility.spec.ts:327:47

    attachment #1: screenshot (image/png) ──────────────────────────────────────────────────────────
    ..\..\test-results\performance-accessibility--9a5c4-form-well-on-mobile-devices-chromium\test-failed-1.png
    ────────────────────────────────────────────────────────────────────────────────────────────────

    attachment #2: video (video/webm) ──────────────────────────────────────────────────────────────
    ..\..\test-results\performance-accessibility--9a5c4-form-well-on-mobile-devices-chromium\video.webm
    ────────────────────────────────────────────────────────────────────────────────────────────────

    Error Context: ..\..\test-results\performance-accessibility--9a5c4-form-well-on-mobile-devices-chromium\error-context.md
]]>
</failure>
<system-out>
<![CDATA[
[[ATTACHMENT|performance-accessibility--9a5c4-form-well-on-mobile-devices-chromium\test-failed-1.png]]

[[ATTACHMENT|performance-accessibility--9a5c4-form-well-on-mobile-devices-chromium\video.webm]]

[[ATTACHMENT|performance-accessibility--9a5c4-form-well-on-mobile-devices-chromium\error-context.md]]
]]>
</system-out>
</testcase>
<testcase name="Performance and Accessibility › Mobile Performance › should handle touch interactions" classname="performance-accessibility.spec.ts" time="6.156">
</testcase>
<testcase name="Performance and Accessibility › Mobile Performance › should optimize for mobile viewport" classname="performance-accessibility.spec.ts" time="10.711">
<failure message="performance-accessibility.spec.ts:350:9 should optimize for mobile viewport" type="FAILURE">
<![CDATA[  [chromium] › performance-accessibility.spec.ts:350:9 › Performance and Accessibility › Mobile Performance › should optimize for mobile viewport 

    Error: expect(locator).toBeVisible() failed

    Locator: getByRole('navigation')
    Expected: visible
    Timeout: 5000ms
    Error: element(s) not found

    Call log:
      - Expect "toBeVisible" with timeout 5000ms
      - waiting for getByRole('navigation')


      361 |       // Navigation should be mobile-friendly
      362 |       const nav = page.getByRole('navigation');
    > 363 |       await expect(nav).toBeVisible();
          |                         ^
      364 |     });
      365 |   });
      366 |
        at D:\great-beans-coffee\tests\e2e\performance-accessibility.spec.ts:363:25

    attachment #1: screenshot (image/png) ──────────────────────────────────────────────────────────
    ..\..\test-results\performance-accessibility--7aec9-ptimize-for-mobile-viewport-chromium\test-failed-1.png
    ────────────────────────────────────────────────────────────────────────────────────────────────

    attachment #2: video (video/webm) ──────────────────────────────────────────────────────────────
    ..\..\test-results\performance-accessibility--7aec9-ptimize-for-mobile-viewport-chromium\video.webm
    ────────────────────────────────────────────────────────────────────────────────────────────────

    Error Context: ..\..\test-results\performance-accessibility--7aec9-ptimize-for-mobile-viewport-chromium\error-context.md
]]>
</failure>
<system-out>
<![CDATA[
[[ATTACHMENT|performance-accessibility--7aec9-ptimize-for-mobile-viewport-chromium\test-failed-1.png]]

[[ATTACHMENT|performance-accessibility--7aec9-ptimize-for-mobile-viewport-chromium\video.webm]]

[[ATTACHMENT|performance-accessibility--7aec9-ptimize-for-mobile-viewport-chromium\error-context.md]]
]]>
</system-out>
</testcase>
<testcase name="Performance and Accessibility › Resource Optimization › should minimize bundle size" classname="performance-accessibility.spec.ts" time="9.587">
</testcase>
<testcase name="Performance and Accessibility › Resource Optimization › should use efficient caching strategies" classname="performance-accessibility.spec.ts" time="14.314">
<failure message="performance-accessibility.spec.ts:390:9 should use efficient caching strategies" type="FAILURE">
<![CDATA[  [chromium] › performance-accessibility.spec.ts:390:9 › Performance and Accessibility › Resource Optimization › should use efficient caching strategies 

    Error: expect(received).toBeTruthy()

    Received: undefined

      417 |         expect(
      418 |           asset.headers['cache-control'] || asset.headers['etag']
    > 419 |         ).toBeTruthy();
          |           ^
      420 |       });
      421 |     });
      422 |
        at forEach (D:\great-beans-coffee\tests\e2e\performance-accessibility.spec.ts:419:11)
        at D:\great-beans-coffee\tests\e2e\performance-accessibility.spec.ts:415:20

    attachment #1: screenshot (image/png) ──────────────────────────────────────────────────────────
    ..\..\test-results\performance-accessibility--2f515-fficient-caching-strategies-chromium\test-failed-1.png
    ────────────────────────────────────────────────────────────────────────────────────────────────

    attachment #2: video (video/webm) ──────────────────────────────────────────────────────────────
    ..\..\test-results\performance-accessibility--2f515-fficient-caching-strategies-chromium\video.webm
    ────────────────────────────────────────────────────────────────────────────────────────────────

    Error Context: ..\..\test-results\performance-accessibility--2f515-fficient-caching-strategies-chromium\error-context.md
]]>
</failure>
<system-out>
<![CDATA[
[[ATTACHMENT|performance-accessibility--2f515-fficient-caching-strategies-chromium\test-failed-1.png]]

[[ATTACHMENT|performance-accessibility--2f515-fficient-caching-strategies-chromium\video.webm]]

[[ATTACHMENT|performance-accessibility--2f515-fficient-caching-strategies-chromium\error-context.md]]
]]>
</system-out>
</testcase>
<testcase name="Performance and Accessibility › Resource Optimization › should preload critical resources" classname="performance-accessibility.spec.ts" time="8.423">
</testcase>
<testcase name="Performance and Accessibility › Progressive Enhancement › should work with CSS disabled" classname="performance-accessibility.spec.ts" time="6.401">
<failure message="performance-accessibility.spec.ts:445:9 should work with CSS disabled" type="FAILURE">
<![CDATA[  [chromium] › performance-accessibility.spec.ts:445:9 › Performance and Accessibility › Progressive Enhancement › should work with CSS disabled 

    Error: expect(locator).toBeVisible() failed

    Locator: getByRole('heading')
    Expected: visible
    Error: strict mode violation: getByRole('heading') resolved to 41 elements:
        1) <h1 class="mb-6 text-4xl font-bold leading-tight md:text-5xl lg:text-6xl xl:text-7xl">…</h1> aka getByTestId('hero-section').getByRole('heading', { name: 'Premium Vietnamese Coffee' })
        2) <h2 class="mb-6 text-4xl font-bold leading-tight text-coffee-900 transition-all duration-300 hover:text-coffee-800 md:text-5xl">…</h2> aka getByRole('heading', { name: 'Your Trusted Partner for' })
        3) <h3 class="text-center text-xl font-bold text-forest-800 transition-colors duration-300 group-hover:text-forest-900">Quality Certifications</h3> aka getByRole('heading', { name: 'Quality Certifications' })
        4) <h3 class="text-center text-xl font-bold text-forest-800 transition-colors duration-300 group-hover:text-forest-900">Global Trade Excellence</h3> aka getByRole('heading', { name: 'Global Trade Excellence' })
        5) <h3 class="text-center text-xl font-bold text-forest-800 transition-colors duration-300 group-hover:text-forest-900">Premium Sourcing</h3> aka getByRole('heading', { name: 'Premium Sourcing' })
        6) <h3 class="text-center text-xl font-bold text-forest-800 transition-colors duration-300 group-hover:text-forest-900">Industry Leadership</h3> aka getByRole('heading', { name: 'Industry Leadership' })
        7) <h3 class="mb-6 text-3xl font-bold text-coffee-900">Certified Excellence in Coffee Export</h3> aka getByRole('heading', { name: 'Certified Excellence in' })
        8) <h4 class="mb-1 text-sm font-bold text-coffee-800">ISO 22000</h4> aka getByRole('heading', { name: 'ISO' })
        9) <h4 class="mb-1 text-sm font-bold text-coffee-800">HACCP</h4> aka getByRole('heading', { name: 'HACCP' })
        10) <h4 class="mb-1 text-sm font-bold text-coffee-800">Rainforest Alliance</h4> aka getByRole('heading', { name: 'Rainforest Alliance' })
        ...

    Call log:
      - Expect "toBeVisible" with timeout 5000ms
      - waiting for getByRole('heading')


      450 |
      451 |       // Content should still be accessible
    > 452 |       await expect(page.getByRole('heading')).toBeVisible();
          |                                               ^
      453 |       await expect(page.getByRole('navigation')).toBeVisible();
      454 |
      455 |       // Links should still work
        at D:\great-beans-coffee\tests\e2e\performance-accessibility.spec.ts:452:47

    attachment #1: screenshot (image/png) ──────────────────────────────────────────────────────────
    ..\..\test-results\performance-accessibility--4b8cb-ould-work-with-CSS-disabled-chromium\test-failed-1.png
    ────────────────────────────────────────────────────────────────────────────────────────────────

    attachment #2: video (video/webm) ──────────────────────────────────────────────────────────────
    ..\..\test-results\performance-accessibility--4b8cb-ould-work-with-CSS-disabled-chromium\video.webm
    ────────────────────────────────────────────────────────────────────────────────────────────────

    Error Context: ..\..\test-results\performance-accessibility--4b8cb-ould-work-with-CSS-disabled-chromium\error-context.md
]]>
</failure>
<system-out>
<![CDATA[
[[ATTACHMENT|performance-accessibility--4b8cb-ould-work-with-CSS-disabled-chromium\test-failed-1.png]]

[[ATTACHMENT|performance-accessibility--4b8cb-ould-work-with-CSS-disabled-chromium\video.webm]]

[[ATTACHMENT|performance-accessibility--4b8cb-ould-work-with-CSS-disabled-chromium\error-context.md]]
]]>
</system-out>
</testcase>
<testcase name="Performance and Accessibility › Progressive Enhancement › should degrade gracefully with limited JavaScript" classname="performance-accessibility.spec.ts" time="6.245">
<failure message="performance-accessibility.spec.ts:463:9 should degrade gracefully with limited JavaScript" type="FAILURE">
<![CDATA[  [chromium] › performance-accessibility.spec.ts:463:9 › Performance and Accessibility › Progressive Enhancement › should degrade gracefully with limited JavaScript 

    Error: expect(locator).toBeVisible() failed

    Locator: getByRole('heading')
    Expected: visible
    Error: strict mode violation: getByRole('heading') resolved to 41 elements:
        1) <h1 class="mb-6 text-4xl font-bold leading-tight md:text-5xl lg:text-6xl xl:text-7xl">…</h1> aka getByTestId('hero-section').getByRole('heading', { name: 'Premium Vietnamese Coffee' })
        2) <h2 class="mb-6 text-4xl font-bold leading-tight text-coffee-900 transition-all duration-300 hover:text-coffee-800 md:text-5xl">…</h2> aka getByRole('heading', { name: 'Your Trusted Partner for' })
        3) <h3 class="text-center text-xl font-bold text-forest-800 transition-colors duration-300 group-hover:text-forest-900">Quality Certifications</h3> aka getByRole('heading', { name: 'Quality Certifications' })
        4) <h3 class="text-center text-xl font-bold text-forest-800 transition-colors duration-300 group-hover:text-forest-900">Global Trade Excellence</h3> aka getByRole('heading', { name: 'Global Trade Excellence' })
        5) <h3 class="text-center text-xl font-bold text-forest-800 transition-colors duration-300 group-hover:text-forest-900">Premium Sourcing</h3> aka getByRole('heading', { name: 'Premium Sourcing' })
        6) <h3 class="text-center text-xl font-bold text-forest-800 transition-colors duration-300 group-hover:text-forest-900">Industry Leadership</h3> aka getByRole('heading', { name: 'Industry Leadership' })
        7) <h3 class="mb-6 text-3xl font-bold text-coffee-900">Certified Excellence in Coffee Export</h3> aka getByRole('heading', { name: 'Certified Excellence in' })
        8) <h4 class="mb-1 text-sm font-bold text-coffee-800">ISO 22000</h4> aka getByRole('heading', { name: 'ISO' })
        9) <h4 class="mb-1 text-sm font-bold text-coffee-800">HACCP</h4> aka getByRole('heading', { name: 'HACCP' })
        10) <h4 class="mb-1 text-sm font-bold text-coffee-800">Rainforest Alliance</h4> aka getByRole('heading', { name: 'Rainforest Alliance' })
        ...

    Call log:
      - Expect "toBeVisible" with timeout 5000ms
      - waiting for getByRole('heading')


      473 |
      474 |       // Should still function
    > 475 |       await expect(page.getByRole('heading')).toBeVisible();
          |                                               ^
      476 |
      477 |       // Basic navigation should work
      478 |       await page.getByRole('link', { name: /products/i }).click();
        at D:\great-beans-coffee\tests\e2e\performance-accessibility.spec.ts:475:47

    attachment #1: screenshot (image/png) ──────────────────────────────────────────────────────────
    ..\..\test-results\performance-accessibility--e3e60-lly-with-limited-JavaScript-chromium\test-failed-1.png
    ────────────────────────────────────────────────────────────────────────────────────────────────

    attachment #2: video (video/webm) ──────────────────────────────────────────────────────────────
    ..\..\test-results\performance-accessibility--e3e60-lly-with-limited-JavaScript-chromium\video.webm
    ────────────────────────────────────────────────────────────────────────────────────────────────
]]>
</failure>
<system-out>
<![CDATA[
[[ATTACHMENT|performance-accessibility--e3e60-lly-with-limited-JavaScript-chromium\test-failed-1.png]]

[[ATTACHMENT|performance-accessibility--e3e60-lly-with-limited-JavaScript-chromium\video.webm]]
]]>
</system-out>
</testcase>
</testsuite>
<testsuite name="performance-accessibility.spec.ts" timestamp="2025-10-14T03:44:53.138Z" hostname="firefox" tests="21" failures="10" skipped="0" time="230.359" errors="0">
<testcase name="Performance and Accessibility › Core Web Vitals › should meet Core Web Vitals thresholds on homepage" classname="performance-accessibility.spec.ts" time="18.744">
</testcase>
<testcase name="Performance and Accessibility › Core Web Vitals › should have fast page load times" classname="performance-accessibility.spec.ts" time="13.525">
<failure message="performance-accessibility.spec.ts:63:9 should have fast page load times" type="FAILURE">
<![CDATA[  [firefox] › performance-accessibility.spec.ts:63:9 › Performance and Accessibility › Core Web Vitals › should have fast page load times 

    Error: expect(locator).toBeVisible() failed

    Locator: getByRole('heading')
    Expected: visible
    Error: strict mode violation: getByRole('heading') resolved to 7 elements:
        1) <h2 class="font-serif tracking-tight text-5xl font-bold dark:text-gray-100 mb-6 text-white">Premium Vietnamese Coffee Products</h2> aka getByRole('heading', { name: 'Premium Vietnamese Coffee' })
        2) <h3 class="text-2xl font-semibold leading-none tracking-tight flex items-center text-forest-800">…</h3> aka getByRole('heading', { name: 'Product Filters' })
        ...

    Call log:
      - Expect "toBeVisible" with timeout 5000ms
      - waiting for getByRole('heading')


      67 |
      68 |       // Wait for main content to be visible
    > 69 |       await expect(page.getByRole('heading')).toBeVisible();
         |                                               ^
      70 |
      71 |       const loadTime = Date.now() - startTime;
      72 |
        at D:\great-beans-coffee\tests\e2e\performance-accessibility.spec.ts:69:47

    attachment #1: screenshot (image/png) ──────────────────────────────────────────────────────────
    ..\..\test-results\performance-accessibility--1861a-d-have-fast-page-load-times-firefox\test-failed-1.png
    ────────────────────────────────────────────────────────────────────────────────────────────────

    attachment #2: video (video/webm) ──────────────────────────────────────────────────────────────
    ..\..\test-results\performance-accessibility--1861a-d-have-fast-page-load-times-firefox\video.webm
    ────────────────────────────────────────────────────────────────────────────────────────────────

    Error Context: ..\..\test-results\performance-accessibility--1861a-d-have-fast-page-load-times-firefox\error-context.md
]]>
</failure>
<system-out>
<![CDATA[
[[ATTACHMENT|performance-accessibility--1861a-d-have-fast-page-load-times-firefox\test-failed-1.png]]

[[ATTACHMENT|performance-accessibility--1861a-d-have-fast-page-load-times-firefox\video.webm]]

[[ATTACHMENT|performance-accessibility--1861a-d-have-fast-page-load-times-firefox\error-context.md]]
]]>
</system-out>
</testcase>
<testcase name="Performance and Accessibility › Core Web Vitals › should handle large product catalogs efficiently" classname="performance-accessibility.spec.ts" time="9.637">
</testcase>
<testcase name="Performance and Accessibility › Core Web Vitals › should optimize image loading" classname="performance-accessibility.spec.ts" time="9.217">
</testcase>
<testcase name="Performance and Accessibility › Accessibility Compliance › should pass WCAG 2.1 AA compliance on homepage" classname="performance-accessibility.spec.ts" time="11.799">
<failure message="performance-accessibility.spec.ts:128:9 should pass WCAG 2.1 AA compliance on homepage" type="FAILURE">
<![CDATA[  [firefox] › performance-accessibility.spec.ts:128:9 › Performance and Accessibility › Accessibility Compliance › should pass WCAG 2.1 AA compliance on homepage 

    AssertionError: 4 accessibility violations were detected

    4 !== 0

        at testResultDependsOnViolations (D:\great-beans-coffee\node_modules\axe-playwright\dist\utils.js:16:26)
        at D:\great-beans-coffee\node_modules\axe-playwright\dist\index.js:143:51
        at fulfilled (D:\great-beans-coffee\node_modules\axe-playwright\dist\index.js:28:58)

    attachment #1: screenshot (image/png) ──────────────────────────────────────────────────────────
    ..\..\test-results\performance-accessibility--f7aa7-1-AA-compliance-on-homepage-firefox\test-failed-1.png
    ────────────────────────────────────────────────────────────────────────────────────────────────

    attachment #2: video (video/webm) ──────────────────────────────────────────────────────────────
    ..\..\test-results\performance-accessibility--f7aa7-1-AA-compliance-on-homepage-firefox\video.webm
    ────────────────────────────────────────────────────────────────────────────────────────────────

    Error Context: ..\..\test-results\performance-accessibility--f7aa7-1-AA-compliance-on-homepage-firefox\error-context.md
]]>
</failure>
<system-out>
<![CDATA[┌─────────┬──────────────────────────────┬────────────┬─────────────────────────────────────────────────────┬───────┐
│ (index) │ id                           │ impact     │ description                                         │ nodes │
├─────────┼──────────────────────────────┼────────────┼─────────────────────────────────────────────────────┼───────┤
│ 0       │ [32m'button-name'[39m                │ [32m'critical'[39m │ [32m'Ensure buttons have discernible text'[39m              │ [33m9[39m     │
│ 1       │ [32m'landmark-main-is-top-level'[39m │ [32m'moderate'[39m │ [32m'Ensure the main landmark is at top level'[39m          │ [33m1[39m     │
│ 2       │ [32m'landmark-no-duplicate-main'[39m │ [32m'moderate'[39m │ [32m'Ensure the document has at most one main landmark'[39m │ [33m1[39m     │
│ 3       │ [32m'landmark-unique'[39m            │ [32m'moderate'[39m │ [32m'Ensure landmarks are unique'[39m                       │ [33m1[39m     │
└─────────┴──────────────────────────────┴────────────┴─────────────────────────────────────────────────────┴───────┘
┌─────────┬───────────────────────────────────────────────────────────────────────────────────────────────────────────────────────────────────────────────────────────────────────────────────────────────────────┬────────────────────────────────────────────────────────────────────────────────────────────────────────────────┬────────────┐
│ (index) │ target                                                                                                                                                                                                │ html                                                                                                           │ violations │
├─────────┼───────────────────────────────────────────────────────────────────────────────────────────────────────────────────────────────────────────────────────────────────────────────────────────────────────┼────────────────────────────────────────────────────────────────────────────────────────────────────────────────┼────────────┤
│ 0       │ [32m'[".shadow-gold-strong > .space-y-6.px-6 > .pt-4.gap-3.flex > .py-1\\\\.5.gap-1\\\\.5.hover\\\\:border-gold-400"]'[39m                                                                                    │ [32m'<button class="relative inline-flex..." tabindex="0" style="transform:none">'[39m                                 │ [32m'[0]'[39m      │
│ 1       │ [32m'["div:nth-child(2) > div > .hover\\\\:bg-forest-700\\\\/60.border-forest-600\\\\/30.bg-forest-800\\\\/50 > .space-y-6.px-6 > .pt-4.gap-3.flex > .py-1\\\\.5.gap-1\\\\.5.hover\\\\:border-gold-400"]'[39m │ [32m'<button class="relative inline-flex..." tabindex="0" style="transform:none">'[39m                                 │ [32m'[0]'[39m      │
│ 2       │ [32m'["div:nth-child(3) > div > .hover\\\\:bg-forest-700\\\\/60.border-forest-600\\\\/30.bg-forest-800\\\\/50 > .space-y-6.px-6 > .pt-4.gap-3.flex > .py-1\\\\.5.gap-1\\\\.5.hover\\\\:border-gold-400"]'[39m │ [32m'<button class="relative inline-flex..." tabindex="0" style="transform:none">'[39m                                 │ [32m'[0]'[39m      │
│ 3       │ [32m'[".scale-125"]'[39m                                                                                                                                                                                      │ [32m'<button class="h-3 w-3 rounded-full transition-all duration-300 scale-125 bg-forest-500"></button>'[39m           │ [32m'[0]'[39m      │
│ 4       │ [32m'["div:nth-child(2) > .hover\\\\:bg-forest-300.bg-forest-200.h-3"]'[39m                                                                                                                                   │ [32m'<button class="h-3 w-3 rounded-full transition-all duration-300 bg-forest-200 hover:bg-forest-300"></button>'[39m │ [32m'[0]'[39m      │
│ 5       │ [32m'["div:nth-child(3) > .hover\\\\:bg-forest-300.bg-forest-200.h-3"]'[39m                                                                                                                                   │ [32m'<button class="h-3 w-3 rounded-full transition-all duration-300 bg-forest-200 hover:bg-forest-300"></button>'[39m │ [32m'[0]'[39m      │
│ 6       │ [32m'["div:nth-child(4) > .hover\\\\:bg-forest-300.bg-forest-200.h-3"]'[39m                                                                                                                                   │ [32m'<button class="h-3 w-3 rounded-full transition-all duration-300 bg-forest-200 hover:bg-forest-300"></button>'[39m │ [32m'[0]'[39m      │
│ 7       │ [32m'["div:nth-child(5) > .hover\\\\:bg-forest-300.bg-forest-200.h-3"]'[39m                                                                                                                                   │ [32m'<button class="h-3 w-3 rounded-full transition-all duration-300 bg-forest-200 hover:bg-forest-300"></button>'[39m │ [32m'[0]'[39m      │
│ 8       │ [32m'["div:nth-child(6) > .hover\\\\:bg-forest-300.bg-forest-200.h-3"]'[39m                                                                                                                                   │ [32m'<button class="h-3 w-3 rounded-full transition-all duration-300 bg-forest-200 hover:bg-forest-300"></button>'[39m │ [32m'[0]'[39m      │
│ 9       │ [32m'["#main > main"]'[39m                                                                                                                                                                                    │ [32m'<main class="min-h-screen">'[39m                                                                                  │ [32m'[1]'[39m      │
│ 10      │ [32m'["#main"]'[39m                                                                                                                                                                                           │ [32m'<main id="main" class="flex-1" role="main" tabindex="-1">'[39m                                                    │ [32m'[2,3]'[39m    │
└─────────┴───────────────────────────────────────────────────────────────────────────────────────────────────────────────────────────────────────────────────────────────────────────────────────────────────────┴────────────────────────────────────────────────────────────────────────────────────────────────────────────────┴────────────┘

[[ATTACHMENT|performance-accessibility--f7aa7-1-AA-compliance-on-homepage-firefox\test-failed-1.png]]

[[ATTACHMENT|performance-accessibility--f7aa7-1-AA-compliance-on-homepage-firefox\video.webm]]

[[ATTACHMENT|performance-accessibility--f7aa7-1-AA-compliance-on-homepage-firefox\error-context.md]]
]]>
</system-out>
</testcase>
<testcase name="Performance and Accessibility › Accessibility Compliance › should pass accessibility on product catalog" classname="performance-accessibility.spec.ts" time="23.886">
<failure message="performance-accessibility.spec.ts:139:9 should pass accessibility on product catalog" type="FAILURE">
<![CDATA[  [firefox] › performance-accessibility.spec.ts:139:9 › Performance and Accessibility › Accessibility Compliance › should pass accessibility on product catalog 

    TimeoutError: page.waitForSelector: Timeout 10000ms exceeded.
    Call log:
      - waiting for locator('[data-testid="product-card"]') to be visible


      139 |     test('should pass accessibility on product catalog', async ({ page }) => {
      140 |       await page.goto('/products');
    > 141 |       await page.waitForSelector('[data-testid="product-card"]');
          |                  ^
      142 |       await injectAxe(page);
      143 |
      144 |       await checkA11y(page, undefined, {
        at D:\great-beans-coffee\tests\e2e\performance-accessibility.spec.ts:141:18

    attachment #1: screenshot (image/png) ──────────────────────────────────────────────────────────
    ..\..\test-results\performance-accessibility--3e2a2-sibility-on-product-catalog-firefox\test-failed-1.png
    ────────────────────────────────────────────────────────────────────────────────────────────────

    attachment #2: video (video/webm) ──────────────────────────────────────────────────────────────
    ..\..\test-results\performance-accessibility--3e2a2-sibility-on-product-catalog-firefox\video.webm
    ────────────────────────────────────────────────────────────────────────────────────────────────

    Error Context: ..\..\test-results\performance-accessibility--3e2a2-sibility-on-product-catalog-firefox\error-context.md
]]>
</failure>
<system-out>
<![CDATA[
[[ATTACHMENT|performance-accessibility--3e2a2-sibility-on-product-catalog-firefox\test-failed-1.png]]

[[ATTACHMENT|performance-accessibility--3e2a2-sibility-on-product-catalog-firefox\video.webm]]

[[ATTACHMENT|performance-accessibility--3e2a2-sibility-on-product-catalog-firefox\error-context.md]]
]]>
</system-out>
</testcase>
<testcase name="Performance and Accessibility › Accessibility Compliance › should pass accessibility on RFQ form" classname="performance-accessibility.spec.ts" time="13.373">
<failure message="performance-accessibility.spec.ts:150:9 should pass accessibility on RFQ form" type="FAILURE">
<![CDATA[  [firefox] › performance-accessibility.spec.ts:150:9 › Performance and Accessibility › Accessibility Compliance › should pass accessibility on RFQ form 

    AssertionError: 4 accessibility violations were detected

    4 !== 0

        at testResultDependsOnViolations (D:\great-beans-coffee\node_modules\axe-playwright\dist\utils.js:16:26)
        at D:\great-beans-coffee\node_modules\axe-playwright\dist\index.js:143:51
        at fulfilled (D:\great-beans-coffee\node_modules\axe-playwright\dist\index.js:28:58)

    attachment #1: screenshot (image/png) ──────────────────────────────────────────────────────────
    ..\..\test-results\performance-accessibility--c1413-s-accessibility-on-RFQ-form-firefox\test-failed-1.png
    ────────────────────────────────────────────────────────────────────────────────────────────────

    attachment #2: video (video/webm) ──────────────────────────────────────────────────────────────
    ..\..\test-results\performance-accessibility--c1413-s-accessibility-on-RFQ-form-firefox\video.webm
    ────────────────────────────────────────────────────────────────────────────────────────────────

    Error Context: ..\..\test-results\performance-accessibility--c1413-s-accessibility-on-RFQ-form-firefox\error-context.md
]]>
</failure>
<system-out>
<![CDATA[┌─────────┬─────────────────────────┬────────────┬──────────────────────────────────────────────────────────────────────────────────────────────────────────────────┬───────┐
│ (index) │ id                      │ impact     │ description                                                                                                      │ nodes │
├─────────┼─────────────────────────┼────────────┼──────────────────────────────────────────────────────────────────────────────────────────────────────────────────┼───────┤
│ 0       │ [32m'aria-progressbar-name'[39m │ [32m'serious'[39m  │ [32m'Ensure every ARIA progressbar node has an accessible name'[39m                                                      │ [33m1[39m     │
│ 1       │ [32m'button-name'[39m           │ [32m'critical'[39m │ [32m'Ensure buttons have discernible text'[39m                                                                           │ [33m4[39m     │
│ 2       │ [32m'color-contrast'[39m        │ [32m'serious'[39m  │ [32m'Ensure the contrast between foreground and background colors meets WCAG 2 AA minimum contrast ratio thresholds'[39m │ [33m5[39m     │
│ 3       │ [32m'heading-order'[39m         │ [32m'moderate'[39m │ [32m'Ensure the order of headings is semantically correct'[39m                                                           │ [33m1[39m     │
└─────────┴─────────────────────────┴────────────┴──────────────────────────────────────────────────────────────────────────────────────────────────────────────────┴───────┘
┌─────────┬─────────────────────────────────────────────────────────────┬──────────────────────────────────────────────────────────────────────────────────────────────────────────────────────────────────────────────────────────────────────────────────────────────────────────────┬────────────┐
│ (index) │ target                                                      │ html                                                                                                                                                                                                         │ violations │
├─────────┼─────────────────────────────────────────────────────────────┼──────────────────────────────────────────────────────────────────────────────────────────────────────────────────────────────────────────────────────────────────────────────────────────────────────────────┼────────────┤
│ 0       │ [32m'[".overflow-hidden"]'[39m                                      │ [32m'<div aria-valuemax="100" aria-valuemin="0" role="progressbar" data-state="indeterminate" data-max="100" class="relative w-full overflow-hidden rounded-full bg-secondary h-2">'[39m                             │ [32m'[0]'[39m      │
│ 1       │ [32m'["button[aria-controls=\\"radix-:Ri9mvfelt7:\\"]"]'[39m        │ [32m'<button type="button" role="combobox" aria-controls="radix-:Ri9mvfelt7:" aria-expanded="false" aria-autocomplete="none" dir="ltr" data-state="closed" data-placeholder="" class="flex h-10 w-full ite...">'[39m │ [32m'[1]'[39m      │
│ 2       │ [32m'["button[aria-controls=\\"radix-:Rk9mvfelt7:\\"]"]'[39m        │ [32m'<button type="button" role="combobox" aria-controls="radix-:Rk9mvfelt7:" aria-expanded="false" aria-autocomplete="none" dir="ltr" data-state="closed" data-placeholder="" class="flex h-10 w-full ite...">'[39m │ [32m'[1]'[39m      │
│ 3       │ [32m'["button[aria-controls=\\"radix-:Rihmvfelt7:\\"]"]'[39m        │ [32m'<button type="button" role="combobox" aria-controls="radix-:Rihmvfelt7:" aria-expanded="false" aria-autocomplete="none" dir="ltr" data-state="closed" data-placeholder="" class="flex h-10 w-full ite...">'[39m │ [32m'[1]'[39m      │
│ 4       │ [32m'["button[aria-controls=\\"radix-:Rkhmvfelt7:\\"]"]'[39m        │ [32m'<button type="button" role="combobox" aria-controls="radix-:Rkhmvfelt7:" aria-expanded="false" aria-autocomplete="none" dir="ltr" data-state="closed" data-placeholder="" class="flex h-10 w-full ite...">'[39m │ [32m'[1]'[39m      │
│ 5       │ [32m'[".text-emerald-600"]'[39m                                     │ [32m'<span class="text-sm font-medium text-emerald-600">Product Requirements</span>'[39m                                                                                                                             │ [32m'[2]'[39m      │
│ 6       │ [32m'["button[aria-controls=\\"radix-:Ri9mvfelt7:\\"] > span"]'[39m │ [32m'<span style="pointer-events:none">Select coffee type</span>'[39m                                                                                                                                                │ [32m'[2]'[39m      │
│ 7       │ [32m'["button[aria-controls=\\"radix-:Rk9mvfelt7:\\"] > span"]'[39m │ [32m'<span style="pointer-events:none">Select grade</span>'[39m                                                                                                                                                      │ [32m'[2]'[39m      │
│ 8       │ [32m'["button[aria-controls=\\"radix-:Rihmvfelt7:\\"] > span"]'[39m │ [32m'<span style="pointer-events:none">Select processing method</span>'[39m                                                                                                                                          │ [32m'[2]'[39m      │
│ 9       │ [32m'["button[aria-controls=\\"radix-:Rkhmvfelt7:\\"] > span"]'[39m │ [32m'<span style="pointer-events:none">Select origin</span>'[39m                                                                                                                                                     │ [32m'[2]'[39m      │
│ 10      │ [32m'[".text-2xl"]'[39m                                             │ [32m'<h3 class="text-2xl font-semibold leading-none tracking-tight flex items-center text-forest-800">'[39m                                                                                                          │ [32m'[3]'[39m      │
└─────────┴─────────────────────────────────────────────────────────────┴──────────────────────────────────────────────────────────────────────────────────────────────────────────────────────────────────────────────────────────────────────────────────────────────────────────────┴────────────┘

[[ATTACHMENT|performance-accessibility--c1413-s-accessibility-on-RFQ-form-firefox\test-failed-1.png]]

[[ATTACHMENT|performance-accessibility--c1413-s-accessibility-on-RFQ-form-firefox\video.webm]]

[[ATTACHMENT|performance-accessibility--c1413-s-accessibility-on-RFQ-form-firefox\error-context.md]]
]]>
</system-out>
</testcase>
<testcase name="Performance and Accessibility › Accessibility Compliance › should have proper heading hierarchy" classname="performance-accessibility.spec.ts" time="10.416">
</testcase>
<testcase name="Performance and Accessibility › Accessibility Compliance › should have proper ARIA labels and roles" classname="performance-accessibility.spec.ts" time="8.633">
</testcase>
<testcase name="Performance and Accessibility › Accessibility Compliance › should support keyboard navigation" classname="performance-accessibility.spec.ts" time="8.72">
</testcase>
<testcase name="Performance and Accessibility › Accessibility Compliance › should have sufficient color contrast" classname="performance-accessibility.spec.ts" time="8.383">
<failure message="performance-accessibility.spec.ts:263:9 should have sufficient color contrast" type="FAILURE">
<![CDATA[  [firefox] › performance-accessibility.spec.ts:263:9 › Performance and Accessibility › Accessibility Compliance › should have sufficient color contrast 

    AssertionError: 4 accessibility violations were detected

    4 !== 0

        at testResultDependsOnViolations (D:\great-beans-coffee\node_modules\axe-playwright\dist\utils.js:16:26)
        at D:\great-beans-coffee\node_modules\axe-playwright\dist\index.js:143:51
        at fulfilled (D:\great-beans-coffee\node_modules\axe-playwright\dist\index.js:28:58)

    attachment #1: screenshot (image/png) ──────────────────────────────────────────────────────────
    ..\..\test-results\performance-accessibility--2f5a2-e-sufficient-color-contrast-firefox\test-failed-1.png
    ────────────────────────────────────────────────────────────────────────────────────────────────

    attachment #2: video (video/webm) ──────────────────────────────────────────────────────────────
    ..\..\test-results\performance-accessibility--2f5a2-e-sufficient-color-contrast-firefox\video.webm
    ────────────────────────────────────────────────────────────────────────────────────────────────

    Error Context: ..\..\test-results\performance-accessibility--2f5a2-e-sufficient-color-contrast-firefox\error-context.md
]]>
</failure>
<system-out>
<![CDATA[┌─────────┬──────────────────────────────┬────────────┬─────────────────────────────────────────────────────┬───────┐
│ (index) │ id                           │ impact     │ description                                         │ nodes │
├─────────┼──────────────────────────────┼────────────┼─────────────────────────────────────────────────────┼───────┤
│ 0       │ [32m'button-name'[39m                │ [32m'critical'[39m │ [32m'Ensure buttons have discernible text'[39m              │ [33m9[39m     │
│ 1       │ [32m'landmark-main-is-top-level'[39m │ [32m'moderate'[39m │ [32m'Ensure the main landmark is at top level'[39m          │ [33m1[39m     │
│ 2       │ [32m'landmark-no-duplicate-main'[39m │ [32m'moderate'[39m │ [32m'Ensure the document has at most one main landmark'[39m │ [33m1[39m     │
│ 3       │ [32m'landmark-unique'[39m            │ [32m'moderate'[39m │ [32m'Ensure landmarks are unique'[39m                       │ [33m1[39m     │
└─────────┴──────────────────────────────┴────────────┴─────────────────────────────────────────────────────┴───────┘
┌─────────┬───────────────────────────────────────────────────────────────────────────────────────────────────────────────────────────────────────────────────────────────────────────────────────────────────────┬────────────────────────────────────────────────────────────────────────────────────────────────────────────────┬────────────┐
│ (index) │ target                                                                                                                                                                                                │ html                                                                                                           │ violations │
├─────────┼───────────────────────────────────────────────────────────────────────────────────────────────────────────────────────────────────────────────────────────────────────────────────────────────────────┼────────────────────────────────────────────────────────────────────────────────────────────────────────────────┼────────────┤
│ 0       │ [32m'[".shadow-gold-strong > .space-y-6.px-6 > .pt-4.gap-3.flex > .py-1\\\\.5.gap-1\\\\.5.hover\\\\:border-gold-400"]'[39m                                                                                    │ [32m'<button class="relative inline-flex..." tabindex="0" style="transform:none">'[39m                                 │ [32m'[0]'[39m      │
│ 1       │ [32m'["div:nth-child(2) > div > .hover\\\\:bg-forest-700\\\\/60.border-forest-600\\\\/30.bg-forest-800\\\\/50 > .space-y-6.px-6 > .pt-4.gap-3.flex > .py-1\\\\.5.gap-1\\\\.5.hover\\\\:border-gold-400"]'[39m │ [32m'<button class="relative inline-flex..." tabindex="0" style="transform:none">'[39m                                 │ [32m'[0]'[39m      │
│ 2       │ [32m'["div:nth-child(3) > div > .hover\\\\:bg-forest-700\\\\/60.border-forest-600\\\\/30.bg-forest-800\\\\/50 > .space-y-6.px-6 > .pt-4.gap-3.flex > .py-1\\\\.5.gap-1\\\\.5.hover\\\\:border-gold-400"]'[39m │ [32m'<button class="relative inline-flex..." tabindex="0" style="transform:none">'[39m                                 │ [32m'[0]'[39m      │
│ 3       │ [32m'[".scale-125"]'[39m                                                                                                                                                                                      │ [32m'<button class="h-3 w-3 rounded-full transition-all duration-300 scale-125 bg-forest-500"></button>'[39m           │ [32m'[0]'[39m      │
│ 4       │ [32m'["div:nth-child(2) > .hover\\\\:bg-forest-300.bg-forest-200.h-3"]'[39m                                                                                                                                   │ [32m'<button class="h-3 w-3 rounded-full transition-all duration-300 bg-forest-200 hover:bg-forest-300"></button>'[39m │ [32m'[0]'[39m      │
│ 5       │ [32m'["div:nth-child(3) > .hover\\\\:bg-forest-300.bg-forest-200.h-3"]'[39m                                                                                                                                   │ [32m'<button class="h-3 w-3 rounded-full transition-all duration-300 bg-forest-200 hover:bg-forest-300"></button>'[39m │ [32m'[0]'[39m      │
│ 6       │ [32m'["div:nth-child(4) > .hover\\\\:bg-forest-300.bg-forest-200.h-3"]'[39m                                                                                                                                   │ [32m'<button class="h-3 w-3 rounded-full transition-all duration-300 bg-forest-200 hover:bg-forest-300"></button>'[39m │ [32m'[0]'[39m      │
[...]

[[ATTACHMENT|performance-accessibility--2f5a2-e-sufficient-color-contrast-Google-Chrome\error-context.md]]
]]>
</system-out>
</testcase>
<testcase name="Performance and Accessibility › Accessibility Compliance › should provide alternative text for images" classname="performance-accessibility.spec.ts" time="10.327">
</testcase>
<testcase name="Performance and Accessibility › Accessibility Compliance › should support screen readers" classname="performance-accessibility.spec.ts" time="10.45">
<failure message="performance-accessibility.spec.ts:291:9 should support screen readers" type="FAILURE">
<![CDATA[  [Google Chrome] › performance-accessibility.spec.ts:291:9 › Performance and Accessibility › Accessibility Compliance › should support screen readers 

    Error: expect(locator).toBeVisible() failed

    Locator: getByRole('main')
    Expected: visible
    Error: strict mode violation: getByRole('main') resolved to 2 elements:
        1) <main id="main" role="main" tabindex="-1" class="flex-1">…</main> aka locator('#main')
        2) <main class="min-h-screen">…</main> aka locator('#main').getByRole('main')

    Call log:
      - Expect "toBeVisible" with timeout 5000ms
      - waiting for getByRole('main')


      293 |
      294 |       // Check for screen reader landmarks
    > 295 |       await expect(page.getByRole('main')).toBeVisible();
          |                                            ^
      296 |       await expect(page.getByRole('navigation')).toBeVisible();
      297 |
      298 |       // Check for skip links
        at D:\great-beans-coffee\tests\e2e\performance-accessibility.spec.ts:295:44

    attachment #1: screenshot (image/png) ──────────────────────────────────────────────────────────
    ..\..\test-results\performance-accessibility--dea07-ould-support-screen-readers-Google-Chrome\test-failed-1.png
    ────────────────────────────────────────────────────────────────────────────────────────────────

    attachment #2: video (video/webm) ──────────────────────────────────────────────────────────────
    ..\..\test-results\performance-accessibility--dea07-ould-support-screen-readers-Google-Chrome\video.webm
    ────────────────────────────────────────────────────────────────────────────────────────────────

    Error Context: ..\..\test-results\performance-accessibility--dea07-ould-support-screen-readers-Google-Chrome\error-context.md
]]>
</failure>
<system-out>
<![CDATA[
[[ATTACHMENT|performance-accessibility--dea07-ould-support-screen-readers-Google-Chrome\test-failed-1.png]]

[[ATTACHMENT|performance-accessibility--dea07-ould-support-screen-readers-Google-Chrome\video.webm]]

[[ATTACHMENT|performance-accessibility--dea07-ould-support-screen-readers-Google-Chrome\error-context.md]]
]]>
</system-out>
</testcase>
<testcase name="Performance and Accessibility › Mobile Performance › should perform well on mobile devices" classname="performance-accessibility.spec.ts" time="7.697">
<failure message="performance-accessibility.spec.ts:309:9 should perform well on mobile devices" type="FAILURE">
<![CDATA[  [Google Chrome] › performance-accessibility.spec.ts:309:9 › Performance and Accessibility › Mobile Performance › should perform well on mobile devices 

    Error: expect(locator).toBeVisible() failed

    Locator: getByRole('heading')
    Expected: visible
    Error: strict mode violation: getByRole('heading') resolved to 41 elements:
        1) <h1 class="mb-6 text-4xl font-bold leading-tight md:text-5xl lg:text-6xl xl:text-7xl">…</h1> aka getByTestId('hero-section').getByRole('heading', { name: 'Premium Vietnamese Coffee' })
        2) <h2 class="mb-6 text-4xl font-bold leading-tight text-coffee-900 transition-all duration-300 hover:text-coffee-800 md:text-5xl">…</h2> aka getByRole('heading', { name: 'Your Trusted Partner for' })
        3) <h3 class="text-center text-xl font-bold text-forest-800 transition-colors duration-300 group-hover:text-forest-900">Quality Certifications</h3> aka getByRole('heading', { name: 'Quality Certifications' })
        4) <h3 class="text-center text-xl font-bold text-forest-800 transition-colors duration-300 group-hover:text-forest-900">Global Trade Excellence</h3> aka getByRole('heading', { name: 'Global Trade Excellence' })
        5) <h3 class="text-center text-xl font-bold text-forest-800 transition-colors duration-300 group-hover:text-forest-900">Premium Sourcing</h3> aka getByRole('heading', { name: 'Premium Sourcing' })
        6) <h3 class="text-center text-xl font-bold text-forest-800 transition-colors duration-300 group-hover:text-forest-900">Industry Leadership</h3> aka getByRole('heading', { name: 'Industry Leadership' })
        7) <h3 class="mb-6 text-3xl font-bold text-coffee-900">Certified Excellence in Coffee Export</h3> aka getByRole('heading', { name: 'Certified Excellence in' })
        8) <h4 class="mb-1 text-sm font-bold text-coffee-800">ISO 22000</h4> aka getByRole('heading', { name: 'ISO' })
        9) <h4 class="mb-1 text-sm font-bold text-coffee-800">HACCP</h4> aka getByRole('heading', { name: 'HACCP' })
        10) <h4 class="mb-1 text-sm font-bold text-coffee-800">Rainforest Alliance</h4> aka getByRole('heading', { name: 'Rainforest Alliance' })
        ...

    Call log:
      - Expect "toBeVisible" with timeout 5000ms
      - waiting for getByRole('heading')


      325 |
      326 |       // Wait for main content
    > 327 |       await expect(page.getByRole('heading')).toBeVisible();
          |                                               ^
      328 |
      329 |       const loadTime = Date.now() - startTime;
      330 |
        at D:\great-beans-coffee\tests\e2e\performance-accessibility.spec.ts:327:47

    attachment #1: screenshot (image/png) ──────────────────────────────────────────────────────────
    ..\..\test-results\performance-accessibility--9a5c4-form-well-on-mobile-devices-Google-Chrome\test-failed-1.png
    ────────────────────────────────────────────────────────────────────────────────────────────────

    attachment #2: video (video/webm) ──────────────────────────────────────────────────────────────
    ..\..\test-results\performance-accessibility--9a5c4-form-well-on-mobile-devices-Google-Chrome\video.webm
    ────────────────────────────────────────────────────────────────────────────────────────────────

    Error Context: ..\..\test-results\performance-accessibility--9a5c4-form-well-on-mobile-devices-Google-Chrome\error-context.md
]]>
</failure>
<system-out>
<![CDATA[
[[ATTACHMENT|performance-accessibility--9a5c4-form-well-on-mobile-devices-Google-Chrome\test-failed-1.png]]

[[ATTACHMENT|performance-accessibility--9a5c4-form-well-on-mobile-devices-Google-Chrome\video.webm]]

[[ATTACHMENT|performance-accessibility--9a5c4-form-well-on-mobile-devices-Google-Chrome\error-context.md]]
]]>
</system-out>
</testcase>
<testcase name="Performance and Accessibility › Mobile Performance › should handle touch interactions" classname="performance-accessibility.spec.ts" time="6.139">
</testcase>
<testcase name="Performance and Accessibility › Mobile Performance › should optimize for mobile viewport" classname="performance-accessibility.spec.ts" time="11.483">
<failure message="performance-accessibility.spec.ts:350:9 should optimize for mobile viewport" type="FAILURE">
<![CDATA[  [Google Chrome] › performance-accessibility.spec.ts:350:9 › Performance and Accessibility › Mobile Performance › should optimize for mobile viewport 

    Error: expect(locator).toBeVisible() failed

    Locator: getByRole('navigation')
    Expected: visible
    Timeout: 5000ms
    Error: element(s) not found

    Call log:
      - Expect "toBeVisible" with timeout 5000ms
      - waiting for getByRole('navigation')


      361 |       // Navigation should be mobile-friendly
      362 |       const nav = page.getByRole('navigation');
    > 363 |       await expect(nav).toBeVisible();
          |                         ^
      364 |     });
      365 |   });
      366 |
        at D:\great-beans-coffee\tests\e2e\performance-accessibility.spec.ts:363:25

    attachment #1: screenshot (image/png) ──────────────────────────────────────────────────────────
    ..\..\test-results\performance-accessibility--7aec9-ptimize-for-mobile-viewport-Google-Chrome\test-failed-1.png
    ────────────────────────────────────────────────────────────────────────────────────────────────

    attachment #2: video (video/webm) ──────────────────────────────────────────────────────────────
    ..\..\test-results\performance-accessibility--7aec9-ptimize-for-mobile-viewport-Google-Chrome\video.webm
    ────────────────────────────────────────────────────────────────────────────────────────────────

    Error Context: ..\..\test-results\performance-accessibility--7aec9-ptimize-for-mobile-viewport-Google-Chrome\error-context.md
]]>
</failure>
<system-out>
<![CDATA[
[[ATTACHMENT|performance-accessibility--7aec9-ptimize-for-mobile-viewport-Google-Chrome\test-failed-1.png]]

[[ATTACHMENT|performance-accessibility--7aec9-ptimize-for-mobile-viewport-Google-Chrome\video.webm]]

[[ATTACHMENT|performance-accessibility--7aec9-ptimize-for-mobile-viewport-Google-Chrome\error-context.md]]
]]>
</system-out>
</testcase>
<testcase name="Performance and Accessibility › Resource Optimization › should minimize bundle size" classname="performance-accessibility.spec.ts" time="12.43">
</testcase>
<testcase name="Performance and Accessibility › Resource Optimization › should use efficient caching strategies" classname="performance-accessibility.spec.ts" time="10.334">
<failure message="performance-accessibility.spec.ts:390:9 should use efficient caching strategies" type="FAILURE">
<![CDATA[  [Google Chrome] › performance-accessibility.spec.ts:390:9 › Performance and Accessibility › Resource Optimization › should use efficient caching strategies 

    Error: expect(received).toBeTruthy()

    Received: undefined

      417 |         expect(
      418 |           asset.headers['cache-control'] || asset.headers['etag']
    > 419 |         ).toBeTruthy();
          |           ^
      420 |       });
      421 |     });
      422 |
        at forEach (D:\great-beans-coffee\tests\e2e\performance-accessibility.spec.ts:419:11)
        at D:\great-beans-coffee\tests\e2e\performance-accessibility.spec.ts:415:20

    attachment #1: screenshot (image/png) ──────────────────────────────────────────────────────────
    ..\..\test-results\performance-accessibility--2f515-fficient-caching-strategies-Google-Chrome\test-failed-1.png
    ────────────────────────────────────────────────────────────────────────────────────────────────

    attachment #2: video (video/webm) ──────────────────────────────────────────────────────────────
    ..\..\test-results\performance-accessibility--2f515-fficient-caching-strategies-Google-Chrome\video.webm
    ────────────────────────────────────────────────────────────────────────────────────────────────

    Error Context: ..\..\test-results\performance-accessibility--2f515-fficient-caching-strategies-Google-Chrome\error-context.md
]]>
</failure>
<system-out>
<![CDATA[
[[ATTACHMENT|performance-accessibility--2f515-fficient-caching-strategies-Google-Chrome\test-failed-1.png]]

[[ATTACHMENT|performance-accessibility--2f515-fficient-caching-strategies-Google-Chrome\video.webm]]

[[ATTACHMENT|performance-accessibility--2f515-fficient-caching-strategies-Google-Chrome\error-context.md]]
]]>
</system-out>
</testcase>
<testcase name="Performance and Accessibility › Resource Optimization › should preload critical resources" classname="performance-accessibility.spec.ts" time="7.727">
</testcase>
<testcase name="Performance and Accessibility › Progressive Enhancement › should work with CSS disabled" classname="performance-accessibility.spec.ts" time="7.135">
<failure message="performance-accessibility.spec.ts:445:9 should work with CSS disabled" type="FAILURE">
<![CDATA[  [Google Chrome] › performance-accessibility.spec.ts:445:9 › Performance and Accessibility › Progressive Enhancement › should work with CSS disabled 

    Error: expect(locator).toBeVisible() failed

    Locator: getByRole('heading')
    Expected: visible
    Error: strict mode violation: getByRole('heading') resolved to 41 elements:
        1) <h1 class="mb-6 text-4xl font-bold leading-tight md:text-5xl lg:text-6xl xl:text-7xl">…</h1> aka getByTestId('hero-section').getByRole('heading', { name: 'Premium Vietnamese Coffee' })
        2) <h2 class="mb-6 text-4xl font-bold leading-tight text-coffee-900 transition-all duration-300 hover:text-coffee-800 md:text-5xl">…</h2> aka getByRole('heading', { name: 'Your Trusted Partner for' })
        3) <h3 class="text-center text-xl font-bold text-forest-800 transition-colors duration-300 group-hover:text-forest-900">Quality Certifications</h3> aka getByRole('heading', { name: 'Quality Certifications' })
        4) <h3 class="text-center text-xl font-bold text-forest-800 transition-colors duration-300 group-hover:text-forest-900">Global Trade Excellence</h3> aka getByRole('heading', { name: 'Global Trade Excellence' })
        5) <h3 class="text-center text-xl font-bold text-forest-800 transition-colors duration-300 group-hover:text-forest-900">Premium Sourcing</h3> aka getByRole('heading', { name: 'Premium Sourcing' })
        6) <h3 class="text-center text-xl font-bold text-forest-800 transition-colors duration-300 group-hover:text-forest-900">Industry Leadership</h3> aka getByRole('heading', { name: 'Industry Leadership' })
        7) <h3 class="mb-6 text-3xl font-bold text-coffee-900">Certified Excellence in Coffee Export</h3> aka getByRole('heading', { name: 'Certified Excellence in' })
        8) <h4 class="mb-1 text-sm font-bold text-coffee-800">ISO 22000</h4> aka getByRole('heading', { name: 'ISO' })
        9) <h4 class="mb-1 text-sm font-bold text-coffee-800">HACCP</h4> aka getByRole('heading', { name: 'HACCP' })
        10) <h4 class="mb-1 text-sm font-bold text-coffee-800">Rainforest Alliance</h4> aka getByRole('heading', { name: 'Rainforest Alliance' })
        ...

    Call log:
      - Expect "toBeVisible" with timeout 5000ms
      - waiting for getByRole('heading')


      450 |
      451 |       // Content should still be accessible
    > 452 |       await expect(page.getByRole('heading')).toBeVisible();
          |                                               ^
      453 |       await expect(page.getByRole('navigation')).toBeVisible();
      454 |
      455 |       // Links should still work
        at D:\great-beans-coffee\tests\e2e\performance-accessibility.spec.ts:452:47

    attachment #1: screenshot (image/png) ──────────────────────────────────────────────────────────
    ..\..\test-results\performance-accessibility--4b8cb-ould-work-with-CSS-disabled-Google-Chrome\test-failed-1.png
    ────────────────────────────────────────────────────────────────────────────────────────────────

    attachment #2: video (video/webm) ──────────────────────────────────────────────────────────────
    ..\..\test-results\performance-accessibility--4b8cb-ould-work-with-CSS-disabled-Google-Chrome\video.webm
    ────────────────────────────────────────────────────────────────────────────────────────────────

    Error Context: ..\..\test-results\performance-accessibility--4b8cb-ould-work-with-CSS-disabled-Google-Chrome\error-context.md
]]>
</failure>
<system-out>
<![CDATA[
[[ATTACHMENT|performance-accessibility--4b8cb-ould-work-with-CSS-disabled-Google-Chrome\test-failed-1.png]]

[[ATTACHMENT|performance-accessibility--4b8cb-ould-work-with-CSS-disabled-Google-Chrome\video.webm]]

[[ATTACHMENT|performance-accessibility--4b8cb-ould-work-with-CSS-disabled-Google-Chrome\error-context.md]]
]]>
</system-out>
</testcase>
<testcase name="Performance and Accessibility › Progressive Enhancement › should degrade gracefully with limited JavaScript" classname="performance-accessibility.spec.ts" time="9.792">
<failure message="performance-accessibility.spec.ts:463:9 should degrade gracefully with limited JavaScript" type="FAILURE">
<![CDATA[  [Google Chrome] › performance-accessibility.spec.ts:463:9 › Performance and Accessibility › Progressive Enhancement › should degrade gracefully with limited JavaScript 

    Error: expect(locator).toBeVisible() failed

    Locator: getByRole('heading')
    Expected: visible
    Error: strict mode violation: getByRole('heading') resolved to 41 elements:
        1) <h1 class="mb-6 text-4xl font-bold leading-tight md:text-5xl lg:text-6xl xl:text-7xl">…</h1> aka getByTestId('hero-section').getByRole('heading', { name: 'Premium Vietnamese Coffee' })
        2) <h2 class="mb-6 text-4xl font-bold leading-tight text-coffee-900 transition-all duration-300 hover:text-coffee-800 md:text-5xl">…</h2> aka getByRole('heading', { name: 'Your Trusted Partner for' })
        3) <h3 class="text-center text-xl font-bold text-forest-800 transition-colors duration-300 group-hover:text-forest-900">Quality Certifications</h3> aka getByRole('heading', { name: 'Quality Certifications' })
        4) <h3 class="text-center text-xl font-bold text-forest-800 transition-colors duration-300 group-hover:text-forest-900">Global Trade Excellence</h3> aka getByRole('heading', { name: 'Global Trade Excellence' })
        5) <h3 class="text-center text-xl font-bold text-forest-800 transition-colors duration-300 group-hover:text-forest-900">Premium Sourcing</h3> aka getByRole('heading', { name: 'Premium Sourcing' })
        6) <h3 class="text-center text-xl font-bold text-forest-800 transition-colors duration-300 group-hover:text-forest-900">Industry Leadership</h3> aka getByRole('heading', { name: 'Industry Leadership' })
        7) <h3 class="mb-6 text-3xl font-bold text-coffee-900">Certified Excellence in Coffee Export</h3> aka getByRole('heading', { name: 'Certified Excellence in' })
        8) <h4 class="mb-1 text-sm font-bold text-coffee-800">ISO 22000</h4> aka getByRole('heading', { name: 'ISO' })
        9) <h4 class="mb-1 text-sm font-bold text-coffee-800">HACCP</h4> aka getByRole('heading', { name: 'HACCP' })
        10) <h4 class="mb-1 text-sm font-bold text-coffee-800">Rainforest Alliance</h4> aka getByRole('heading', { name: 'Rainforest Alliance' })
        ...

    Call log:
      - Expect "toBeVisible" with timeout 5000ms
      - waiting for getByRole('heading')


      473 |
      474 |       // Should still function
    > 475 |       await expect(page.getByRole('heading')).toBeVisible();
          |                                               ^
      476 |
      477 |       // Basic navigation should work
      478 |       await page.getByRole('link', { name: /products/i }).click();
        at D:\great-beans-coffee\tests\e2e\performance-accessibility.spec.ts:475:47

    attachment #1: screenshot (image/png) ──────────────────────────────────────────────────────────
    ..\..\test-results\performance-accessibility--e3e60-lly-with-limited-JavaScript-Google-Chrome\test-failed-1.png
    ────────────────────────────────────────────────────────────────────────────────────────────────

    attachment #2: video (video/webm) ──────────────────────────────────────────────────────────────
    ..\..\test-results\performance-accessibility--e3e60-lly-with-limited-JavaScript-Google-Chrome\video.webm
    ────────────────────────────────────────────────────────────────────────────────────────────────

    Error Context: ..\..\test-results\performance-accessibility--e3e60-lly-with-limited-JavaScript-Google-Chrome\error-context.md
]]>
</failure>
<system-out>
<![CDATA[
[[ATTACHMENT|performance-accessibility--e3e60-lly-with-limited-JavaScript-Google-Chrome\test-failed-1.png]]

[[ATTACHMENT|performance-accessibility--e3e60-lly-with-limited-JavaScript-Google-Chrome\video.webm]]

[[ATTACHMENT|performance-accessibility--e3e60-lly-with-limited-JavaScript-Google-Chrome\error-context.md]]
]]>
</system-out>
</testcase>
</testsuite>
</testsuites>